<?xml version="1.0" encoding="UTF-8"?>
<!-- Generated by org.testng.reporters.JUnitXMLReporter -->
<testsuite hostname="ABHISHEK" ignored="0" name="Test" tests="5" failures="0" timestamp="2021-08-23T11:53:00 IST" time="128.266" errors="0">
  <testcase name="createContactTC_12" time="15.686" classname="vtigerTestScripts.TC_12Test"/>
  <testcase name="createContactTC_11" time="17.982" classname="vtigerTestScripts.TC_11Test"/>
  <testcase name="createContactTC_10" time="17.316" classname="vtigerTestScripts.TC_10Test"/>
  <testcase name="createContactTC_09" time="15.127" classname="vtigerTestScripts.TC_09Test"/>
  <testcase name="createContactTC_08" time="9.97" classname="vtigerTestScripts.TC_08Test"/>
</testsuite> <!-- Test -->
